
  .   ____          _            __ _ _
 /\\ / ___'_ __ _ _(_)_ __  __ _ \ \ \ \
( ( )\___ | '_ | '_| | '_ \/ _` | \ \ \ \
 \\/  ___)| |_)| | | | | || (_| |  ) ) ) )
  '  |____| .__|_| |_|_| |_\__, | / / / /
 =========|_|==============|___/=/_/_/_/

 :: Spring Boot ::                (v3.3.3)

2025-12-18T22:48:22.242+03:00  INFO 18648 --- [visitor_management] [           main] c.l.v.v.VisitorManagementApplication     : Starting VisitorManagementApplication v0.0.1-SNAPSHOT using Java 21.0.9 with PID 18648 (C:\Users\hp\IdeaProjects\visitor-management\backend\target\visitor-management-0.0.1-SNAPSHOT.jar started by hp in C:\Users\hp\IdeaProjects\visitor-management)
2025-12-18T22:48:22.246+03:00  INFO 18648 --- [visitor_management] [           main] c.l.v.v.VisitorManagementApplication     : No active profile set, falling back to 1 default profile: "default"
2025-12-18T22:48:23.468+03:00  INFO 18648 --- [visitor_management] [           main] .s.d.r.c.RepositoryConfigurationDelegate : Bootstrapping Spring Data JPA repositories in DEFAULT mode.
2025-12-18T22:48:23.535+03:00  INFO 18648 --- [visitor_management] [           main] .s.d.r.c.RepositoryConfigurationDelegate : Finished Spring Data repository scanning in 58 ms. Found 4 JPA repository interfaces.
2025-12-18T22:48:24.390+03:00  INFO 18648 --- [visitor_management] [           main] o.s.b.w.embedded.tomcat.TomcatWebServer  : Tomcat initialized with port 8081 (http)
2025-12-18T22:48:24.405+03:00  INFO 18648 --- [visitor_management] [           main] o.apache.catalina.core.StandardService   : Starting service [Tomcat]
2025-12-18T22:48:24.407+03:00  INFO 18648 --- [visitor_management] [           main] o.apache.catalina.core.StandardEngine    : Starting Servlet engine: [Apache Tomcat/10.1.28]
2025-12-18T22:48:24.447+03:00  INFO 18648 --- [visitor_management] [           main] o.a.c.c.C.[Tomcat].[localhost].[/]       : Initializing Spring embedded WebApplicationContext
2025-12-18T22:48:24.450+03:00  INFO 18648 --- [visitor_management] [           main] w.s.c.ServletWebServerApplicationContext : Root WebApplicationContext: initialization completed in 2136 ms
2025-12-18T22:48:24.510+03:00  INFO 18648 --- [visitor_management] [           main] com.zaxxer.hikari.HikariDataSource       : HikariPool-1 - Starting...
2025-12-18T22:48:24.815+03:00  INFO 18648 --- [visitor_management] [           main] com.zaxxer.hikari.pool.HikariPool        : HikariPool-1 - Added connection conn0: url=jdbc:h2:mem:vmsdb user=SA
2025-12-18T22:48:24.819+03:00  INFO 18648 --- [visitor_management] [           main] com.zaxxer.hikari.HikariDataSource       : HikariPool-1 - Start completed.
2025-12-18T22:48:24.842+03:00  INFO 18648 --- [visitor_management] [           main] o.s.b.a.h2.H2ConsoleAutoConfiguration    : H2 console available at '/h2-c'. Database available at 'jdbc:h2:mem:vmsdb'
2025-12-18T22:48:25.216+03:00  INFO 18648 --- [visitor_management] [           main] o.hibernate.jpa.internal.util.LogHelper  : HHH000204: Processing PersistenceUnitInfo [name: default]
2025-12-18T22:48:25.442+03:00  INFO 18648 --- [visitor_management] [           main] org.hibernate.Version                    : HHH000412: Hibernate ORM core version 6.5.2.Final
2025-12-18T22:48:25.527+03:00  INFO 18648 --- [visitor_management] [           main] o.h.c.internal.RegionFactoryInitiator    : HHH000026: Second-level cache disabled
2025-12-18T22:48:25.915+03:00  INFO 18648 --- [visitor_management] [           main] o.s.o.j.p.SpringPersistenceUnitInfo      : No LoadTimeWeaver setup: ignoring JPA class transformer
2025-12-18T22:48:26.759+03:00  INFO 18648 --- [visitor_management] [           main] o.h.e.t.j.p.i.JtaPlatformInitiator       : HHH000489: No JTA platform available (set 'hibernate.transaction.jta.platform' to enable JTA platform integration)
Hibernate: 
    create table appointment (
        id bigint generated by default as identity,
        date date,
        end_time timestamp(6),
        host_id bigint not null,
        start_time timestamp(6),
        status varchar(255),
        visitor_id bigint not null,
        primary key (id)
    )
Hibernate: 
    create table host (
        id bigint generated by default as identity,
        department varchar(255) not null,
        email varchar(255) not null,
        full_name varchar(255) not null,
        work_hours_end varchar(255),
        work_hours_start varchar(255),
        primary key (id)
    )
Hibernate: 
    create table receptionist (
        id bigint generated by default as identity,
        department varchar(255) not null,
        email varchar(255) not null,
        full_name varchar(255) not null,
        keycloak_user_id varchar(255),
        primary key (id)
    )
Hibernate: 
    create table visitor (
        id bigint generated by default as identity,
        description varchar(255),
        email varchar(255),
        full_name varchar(255) not null,
        host_name varchar(255) not null,
        phone varchar(255),
        registration_time timestamp(6),
        status varchar(255),
        primary key (id)
    )
2025-12-18T22:48:26.810+03:00  INFO 18648 --- [visitor_management] [           main] j.LocalContainerEntityManagerFactoryBean : Initialized JPA EntityManagerFactory for persistence unit 'default'
Hibernate: 
    select
        count(*) 
    from
        host h1_0
Hibernate: 
    insert 
    into
        host
        (department, email, full_name, work_hours_end, work_hours_start, id) 
    values
        (?, ?, ?, ?, ?, default)
Hibernate: 
    insert 
    into
        host
        (department, email, full_name, work_hours_end, work_hours_start, id) 
    values
        (?, ?, ?, ?, ?, default)
Hibernate: 
    select
        count(*) 
    from
        visitor v1_0
Hibernate: 
    insert 
    into
        visitor
        (description, email, full_name, host_name, phone, registration_time, status, id) 
    values
        (?, ?, ?, ?, ?, ?, ?, default)
2025-12-18T22:48:27.925+03:00  WARN 18648 --- [visitor_management] [           main] JpaBaseConfiguration$JpaWebConfiguration : spring.jpa.open-in-view is enabled by default. Therefore, database queries may be performed during view rendering. Explicitly configure spring.jpa.open-in-view to disable this warning
2025-12-18T22:48:29.273+03:00  INFO 18648 --- [visitor_management] [           main] o.s.b.w.embedded.tomcat.TomcatWebServer  : Tomcat started on port 8081 (http) with context path '/'
2025-12-18T22:48:29.295+03:00  INFO 18648 --- [visitor_management] [           main] c.l.v.v.VisitorManagementApplication     : Started VisitorManagementApplication in 7.646 seconds (process running for 8.499)
2025-12-18T22:56:18.379+03:00  INFO 18648 --- [visitor_management] [nio-8081-exec-1] o.a.c.c.C.[Tomcat].[localhost].[/]       : Initializing Spring DispatcherServlet 'dispatcherServlet'
2025-12-18T22:56:18.380+03:00  INFO 18648 --- [visitor_management] [nio-8081-exec-1] o.s.web.servlet.DispatcherServlet        : Initializing Servlet 'dispatcherServlet'
2025-12-18T22:56:18.383+03:00  INFO 18648 --- [visitor_management] [nio-8081-exec-1] o.s.web.servlet.DispatcherServlet        : Completed initialization in 2 ms
